*** Starting uWSGI 2.0.18 (64bit) on [Tue Sep 17 02:06:42 2019] ***
compiled with version: 6.3.0 20170516 on 17 September 2019 02:02:56
os: Linux-4.15.0-62-generic #69-Ubuntu SMP Wed Sep 4 20:55:53 UTC 2019
nodename: f13d75e52b20
machine: x86_64
clock source: unix
pcre jit disabled
detected number of CPU cores: 6
current working directory: /app
detected binary path: /usr/local/bin/uwsgi
uWSGI running as root, you can use --uid/--gid/--chroot options
*** WARNING: you are running uWSGI as root !!! (use the --uid flag) *** 
your memory page size is 4096 bytes
detected max file descriptor number: 1048576
lock engine: pthread robust mutexes
thunder lock: disabled (you can enable it with --thunder-lock)
uwsgi socket 0 bound to TCP address :8080 fd 8
uWSGI running as root, you can use --uid/--gid/--chroot options
*** WARNING: you are running uWSGI as root !!! (use the --uid flag) *** 
Python version: 3.7.2 (default, Mar 27 2019, 08:41:08)  [GCC 6.3.0 20170516]
Python main interpreter initialized at 0x5584e10ed1d0
uWSGI running as root, you can use --uid/--gid/--chroot options
*** WARNING: you are running uWSGI as root !!! (use the --uid flag) *** 
python threads support enabled
your server socket listen backlog is limited to 100 connections
your mercy for graceful operations on workers is 60 seconds
mapped 416880 bytes (407 KB) for 8 cores
*** Operational MODE: preforking+threaded ***
WSGI app 0 (mountpoint='') ready in 1 seconds on interpreter 0x5584e10ed1d0 pid: 1 (default app)
uWSGI running as root, you can use --uid/--gid/--chroot options
*** WARNING: you are running uWSGI as root !!! (use the --uid flag) *** 
*** uWSGI is running in multiple interpreter mode ***
spawned uWSGI master process (pid: 1)
spawned uWSGI worker 1 (pid: 6, cores: 2)
spawned uWSGI worker 2 (pid: 7, cores: 2)
spawned uWSGI worker 3 (pid: 9, cores: 2)
spawned uWSGI worker 4 (pid: 12, cores: 2)
SIGINT/SIGQUIT received...killing workers...
worker 1 buried after 1 seconds
worker 2 buried after 1 seconds
worker 3 buried after 1 seconds
worker 4 buried after 1 seconds
goodbye to uWSGI.
*** Starting uWSGI 2.0.18 (64bit) on [Tue Sep 17 02:13:24 2019] ***
compiled with version: 6.3.0 20170516 on 17 September 2019 02:12:21
os: Linux-4.15.0-62-generic #69-Ubuntu SMP Wed Sep 4 20:55:53 UTC 2019
nodename: 6e1cbb4e87fe
machine: x86_64
clock source: unix
pcre jit disabled
detected number of CPU cores: 6
current working directory: /app
detected binary path: /usr/local/bin/uwsgi
uWSGI running as root, you can use --uid/--gid/--chroot options
*** WARNING: you are running uWSGI as root !!! (use the --uid flag) *** 
your memory page size is 4096 bytes
detected max file descriptor number: 1048576
lock engine: pthread robust mutexes
thunder lock: disabled (you can enable it with --thunder-lock)
uwsgi socket 0 bound to TCP address :8080 fd 8
uWSGI running as root, you can use --uid/--gid/--chroot options
*** WARNING: you are running uWSGI as root !!! (use the --uid flag) *** 
Python version: 3.7.2 (default, Mar 27 2019, 08:41:08)  [GCC 6.3.0 20170516]
Python main interpreter initialized at 0x5570020531d0
uWSGI running as root, you can use --uid/--gid/--chroot options
*** WARNING: you are running uWSGI as root !!! (use the --uid flag) *** 
python threads support enabled
your server socket listen backlog is limited to 100 connections
your mercy for graceful operations on workers is 60 seconds
mapped 416880 bytes (407 KB) for 8 cores
*** Operational MODE: preforking+threaded ***
WSGI app 0 (mountpoint='') ready in 1 seconds on interpreter 0x5570020531d0 pid: 1 (default app)
uWSGI running as root, you can use --uid/--gid/--chroot options
*** WARNING: you are running uWSGI as root !!! (use the --uid flag) *** 
*** uWSGI is running in multiple interpreter mode ***
spawned uWSGI master process (pid: 1)
spawned uWSGI worker 1 (pid: 6, cores: 2)
spawned uWSGI worker 2 (pid: 7, cores: 2)
spawned uWSGI worker 3 (pid: 9, cores: 2)
spawned uWSGI worker 4 (pid: 12, cores: 2)
SIGINT/SIGQUIT received...killing workers...
worker 1 buried after 1 seconds
worker 2 buried after 1 seconds
worker 3 buried after 1 seconds
worker 4 buried after 1 seconds
goodbye to uWSGI.
*** Starting uWSGI 2.0.18 (64bit) on [Tue Sep 17 02:21:08 2019] ***
compiled with version: 6.3.0 20170516 on 17 September 2019 02:20:10
os: Linux-4.15.0-62-generic #69-Ubuntu SMP Wed Sep 4 20:55:53 UTC 2019
nodename: ec51f95f0f2d
machine: x86_64
clock source: unix
pcre jit disabled
detected number of CPU cores: 6
current working directory: /app
detected binary path: /usr/local/bin/uwsgi
uWSGI running as root, you can use --uid/--gid/--chroot options
*** WARNING: you are running uWSGI as root !!! (use the --uid flag) *** 
your memory page size is 4096 bytes
detected max file descriptor number: 1048576
lock engine: pthread robust mutexes
thunder lock: disabled (you can enable it with --thunder-lock)
uwsgi socket 0 bound to TCP address :8080 fd 8
uWSGI running as root, you can use --uid/--gid/--chroot options
*** WARNING: you are running uWSGI as root !!! (use the --uid flag) *** 
Python version: 3.7.2 (default, Mar 27 2019, 08:41:08)  [GCC 6.3.0 20170516]
Python main interpreter initialized at 0x564c633bd1d0
uWSGI running as root, you can use --uid/--gid/--chroot options
*** WARNING: you are running uWSGI as root !!! (use the --uid flag) *** 
python threads support enabled
your server socket listen backlog is limited to 100 connections
your mercy for graceful operations on workers is 60 seconds
mapped 416880 bytes (407 KB) for 8 cores
*** Operational MODE: preforking+threaded ***
WSGI app 0 (mountpoint='') ready in 1 seconds on interpreter 0x564c633bd1d0 pid: 1 (default app)
uWSGI running as root, you can use --uid/--gid/--chroot options
*** WARNING: you are running uWSGI as root !!! (use the --uid flag) *** 
*** uWSGI is running in multiple interpreter mode ***
spawned uWSGI master process (pid: 1)
spawned uWSGI worker 1 (pid: 6, cores: 2)
spawned uWSGI worker 2 (pid: 7, cores: 2)
spawned uWSGI worker 3 (pid: 9, cores: 2)
spawned uWSGI worker 4 (pid: 11, cores: 2)
SIGINT/SIGQUIT received...killing workers...
worker 1 buried after 1 seconds
worker 2 buried after 1 seconds
worker 3 buried after 1 seconds
worker 4 buried after 1 seconds
goodbye to uWSGI.
*** Starting uWSGI 2.0.18 (64bit) on [Tue Sep 17 02:26:50 2019] ***
compiled with version: 6.3.0 20170516 on 17 September 2019 02:25:51
os: Linux-4.15.0-62-generic #69-Ubuntu SMP Wed Sep 4 20:55:53 UTC 2019
nodename: 3e990567ef03
machine: x86_64
clock source: unix
pcre jit disabled
detected number of CPU cores: 6
current working directory: /app
detected binary path: /usr/local/bin/uwsgi
uWSGI running as root, you can use --uid/--gid/--chroot options
*** WARNING: you are running uWSGI as root !!! (use the --uid flag) *** 
your memory page size is 4096 bytes
detected max file descriptor number: 1048576
lock engine: pthread robust mutexes
thunder lock: disabled (you can enable it with --thunder-lock)
uwsgi socket 0 bound to TCP address :8080 fd 8
uWSGI running as root, you can use --uid/--gid/--chroot options
*** WARNING: you are running uWSGI as root !!! (use the --uid flag) *** 
Python version: 3.7.2 (default, Mar 27 2019, 08:41:08)  [GCC 6.3.0 20170516]
Python main interpreter initialized at 0x55893e3fc210
uWSGI running as root, you can use --uid/--gid/--chroot options
*** WARNING: you are running uWSGI as root !!! (use the --uid flag) *** 
python threads support enabled
your server socket listen backlog is limited to 100 connections
your mercy for graceful operations on workers is 60 seconds
mapped 416880 bytes (407 KB) for 8 cores
*** Operational MODE: preforking+threaded ***
WSGI app 0 (mountpoint='') ready in 1 seconds on interpreter 0x55893e3fc210 pid: 1 (default app)
uWSGI running as root, you can use --uid/--gid/--chroot options
*** WARNING: you are running uWSGI as root !!! (use the --uid flag) *** 
*** uWSGI is running in multiple interpreter mode ***
spawned uWSGI master process (pid: 1)
spawned uWSGI worker 1 (pid: 8, cores: 2)
spawned uWSGI worker 2 (pid: 9, cores: 2)
Python auto-reloader enabled
spawned uWSGI worker 3 (pid: 12, cores: 2)
spawned uWSGI worker 4 (pid: 17, cores: 2)
[uwsgi-python-reloader] module/file ./app/__init__.py has been modified
...gracefully killing workers...
Gracefully killing worker 2 (pid: 9)...
Gracefully killing worker 1 (pid: 8)...
Gracefully killing worker 3 (pid: 12)...
Gracefully killing worker 4 (pid: 17)...
*** Starting uWSGI 2.0.18 (64bit) on [Tue Sep 17 02:27:16 2019] ***
compiled with version: 6.3.0 20170516 on 17 September 2019 02:25:51
os: Linux-4.15.0-62-generic #69-Ubuntu SMP Wed Sep 4 20:55:53 UTC 2019
nodename: 3e990567ef03
machine: x86_64
clock source: unix
pcre jit disabled
detected number of CPU cores: 6
current working directory: /app
detected binary path: /usr/local/bin/uwsgi
uWSGI running as root, you can use --uid/--gid/--chroot options
*** WARNING: you are running uWSGI as root !!! (use the --uid flag) *** 
your memory page size is 4096 bytes
detected max file descriptor number: 1048576
lock engine: pthread robust mutexes
thunder lock: disabled (you can enable it with --thunder-lock)
uwsgi socket 0 inherited INET address :8080 fd 8
uWSGI running as root, you can use --uid/--gid/--chroot options
*** WARNING: you are running uWSGI as root !!! (use the --uid flag) *** 
Python version: 3.7.2 (default, Mar 27 2019, 08:41:08)  [GCC 6.3.0 20170516]
Python main interpreter initialized at 0x556d8135b180
uWSGI running as root, you can use --uid/--gid/--chroot options
*** WARNING: you are running uWSGI as root !!! (use the --uid flag) *** 
python threads support enabled
your server socket listen backlog is limited to 100 connections
your mercy for graceful operations on workers is 60 seconds
mapped 416880 bytes (407 KB) for 8 cores
*** Operational MODE: preforking+threaded ***
WSGI app 0 (mountpoint='') ready in 1 seconds on interpreter 0x556d8135b180 pid: 1 (default app)
uWSGI running as root, you can use --uid/--gid/--chroot options
*** WARNING: you are running uWSGI as root !!! (use the --uid flag) *** 
*** uWSGI is running in multiple interpreter mode ***
gracefully (RE)spawned uWSGI master process (pid: 1)
spawned uWSGI worker 1 (pid: 20, cores: 2)
spawned uWSGI worker 2 (pid: 21, cores: 2)
Python auto-reloader enabled
spawned uWSGI worker 3 (pid: 24, cores: 2)
spawned uWSGI worker 4 (pid: 27, cores: 2)
SIGINT/SIGQUIT received...killing workers...
worker 1 buried after 1 seconds
worker 2 buried after 1 seconds
worker 3 buried after 1 seconds
worker 4 buried after 1 seconds
goodbye to uWSGI.
